{
  message: 'Database Connected Successfully',
  level: 'info',
  service: 'user-service',
  label: 'campusCura',
  timestamp: '2023-06-15T19:16:51.075Z'
}
{
  message: 'Example app listening on port 5000',
  level: 'info',
  service: 'user-service',
  label: 'campusCura',
  timestamp: '2023-06-15T19:16:51.151Z'
}
{
  message: 'Database Connected Successfully',
  level: 'info',
  service: 'user-service',
  label: 'campusCura',
  timestamp: '2023-06-15T19:18:35.490Z'
}
{
  message: 'Example app listening on port 5000',
  level: 'info',
  service: 'user-service',
  label: 'campusCura',
  timestamp: '2023-06-15T19:18:35.532Z'
}
{
  message: 'Database Connected Successfully',
  level: 'info',
  service: 'user-service',
  label: 'campusCura',
  timestamp: '2023-06-15T19:19:04.590Z'
}
{
  message: 'Example app listening on port 5000',
  level: 'info',
  service: 'user-service',
  label: 'campusCura',
  timestamp: '2023-06-15T19:19:04.611Z'
}
{
  message: 'Database Connected Successfully',
  level: 'info',
  service: 'user-service',
  label: 'campusCura',
  timestamp: '2023-06-15T19:19:16.537Z'
}
{
  message: 'Example app listening on port 5000',
  level: 'info',
  service: 'user-service',
  label: 'campusCura',
  timestamp: '2023-06-15T19:19:16.565Z'
}
{
  message: 'Database Connected Successfully',
  level: 'info',
  service: 'user-service',
  label: 'campusCura',
  timestamp: '2023-06-15T19:19:35.293Z'
}
{
  message: 'Example app listening on port 5000',
  level: 'info',
  service: 'user-service',
  label: 'campusCura',
  timestamp: '2023-06-15T19:19:35.312Z'
}
{
  message: 'Database Connected Successfully',
  level: 'info',
  service: 'user-service',
  label: 'campusCura',
  timestamp: '2023-06-15T19:23:12.655Z'
}
{
  message: 'Example app listening on port 5000',
  level: 'info',
  service: 'user-service',
  label: 'campusCura',
  timestamp: '2023-06-15T19:23:12.698Z'
}
{
  message: 'Database Connected Successfully',
  level: 'info',
  service: 'user-service',
  label: 'campusCura',
  timestamp: '2023-06-15T19:24:23.996Z'
}
{
  message: 'Example app listening on port 5000',
  level: 'info',
  service: 'user-service',
  label: 'campusCura',
  timestamp: '2023-06-15T19:24:24.032Z'
}
{
  message: 'Database Connected Successfully',
  level: 'info',
  service: 'user-service',
  label: 'campusCura',
  timestamp: '2023-06-15T19:32:31.495Z'
}
{
  message: 'Example app listening on port 5000',
  level: 'info',
  service: 'user-service',
  label: 'campusCura',
  timestamp: '2023-06-15T19:32:31.551Z'
}
{
  message: 'Database Connected Successfully',
  level: 'info',
  service: 'user-service',
  label: 'campusCura',
  timestamp: '2023-06-15T19:32:38.930Z'
}
{
  message: 'Example app listening on port 5000',
  level: 'info',
  service: 'user-service',
  label: 'campusCura',
  timestamp: '2023-06-15T19:32:38.983Z'
}
{
  message: 'Database Connected Successfully',
  level: 'info',
  service: 'user-service',
  label: 'campusCura',
  timestamp: '2023-06-15T19:32:58.964Z'
}
{
  message: 'Example app listening on port 5000',
  level: 'info',
  service: 'user-service',
  label: 'campusCura',
  timestamp: '2023-06-15T19:32:58.997Z'
}
{
  message: 'Database Connected Successfully',
  level: 'info',
  service: 'user-service',
  label: 'campusCura',
  timestamp: '2023-06-15T19:33:18.485Z'
}
{
  message: 'Example app listening on port 5000',
  level: 'info',
  service: 'user-service',
  label: 'campusCura',
  timestamp: '2023-06-15T19:33:18.515Z'
}
{
  message: 'Database Connected Successfully',
  level: 'info',
  service: 'user-service',
  label: 'campusCura',
  timestamp: '2023-06-15T19:33:36.751Z'
}
{
  message: 'Example app listening on port 5000',
  level: 'info',
  service: 'user-service',
  label: 'campusCura',
  timestamp: '2023-06-15T19:33:36.786Z'
}
{
  message: 'Database Connected Successfully',
  level: 'info',
  service: 'user-service',
  label: 'campusCura',
  timestamp: '2023-06-15T19:34:27.355Z'
}
{
  message: 'Example app listening on port 5000',
  level: 'info',
  service: 'user-service',
  label: 'campusCura',
  timestamp: '2023-06-15T19:34:27.373Z'
}
{
  message: 'Database Connected Successfully',
  level: 'info',
  service: 'user-service',
  label: 'campusCura',
  timestamp: '2023-06-15T19:34:35.448Z'
}
{
  message: 'Example app listening on port 5000',
  level: 'info',
  service: 'user-service',
  label: 'campusCura',
  timestamp: '2023-06-15T19:34:35.479Z'
}
{
  message: 'Database Connected Successfully',
  level: 'info',
  service: 'user-service',
  label: 'campusCura',
  timestamp: '2023-06-15T19:35:51.298Z'
}
