{
  message: 'Database Connected Successfully',
  level: 'info',
  service: 'user-service',
  label: 'campusCura',
  timestamp: '2023-06-16T10:09:39.035Z'
}
{
  message: 'Example app listening on port 5000',
  level: 'info',
  service: 'user-service',
  label: 'campusCura',
  timestamp: '2023-06-16T10:09:39.071Z'
}
{
  message: 'Database Connected Successfully',
  level: 'info',
  service: 'user-service',
  label: 'campusCura',
  timestamp: '2023-06-16T10:12:30.437Z'
}
{
  message: 'Example app listening on port 5000',
  level: 'info',
  service: 'user-service',
  label: 'campusCura',
  timestamp: '2023-06-16T10:12:30.458Z'
}
