{
  message: 'Database Connected Successfully',
  level: 'info',
  service: 'user-service',
  label: 'campusCura',
  timestamp: '2023-06-10T16:14:30.811Z'
}
{
  message: 'Example app listening on port 5000',
  level: 'info',
  service: 'user-service',
  label: 'campusCura',
  timestamp: '2023-06-10T16:14:30.836Z'
}
{
  message: 'Database Connected Successfully',
  level: 'info',
  service: 'user-service',
  label: 'campusCura',
  timestamp: '2023-06-10T16:17:34.559Z'
}
{
  message: 'Example app listening on port 5000',
  level: 'info',
  service: 'user-service',
  label: 'campusCura',
  timestamp: '2023-06-10T16:17:34.583Z'
}
{
  message: 'Database Connected Successfully',
  level: 'info',
  service: 'user-service',
  label: 'campusCura',
  timestamp: '2023-06-10T16:23:01.408Z'
}
{
  message: 'Example app listening on port 5000',
  level: 'info',
  service: 'user-service',
  label: 'campusCura',
  timestamp: '2023-06-10T16:23:01.425Z'
}
{
  message: 'Database Connected Successfully',
  level: 'info',
  service: 'user-service',
  label: 'campusCura',
  timestamp: '2023-06-10T16:33:29.041Z'
}
{
  message: 'Example app listening on port 5000',
  level: 'info',
  service: 'user-service',
  label: 'campusCura',
  timestamp: '2023-06-10T16:33:29.063Z'
}
{
  message: 'Database Connected Successfully',
  level: 'info',
  service: 'user-service',
  label: 'campusCura',
  timestamp: '2023-06-10T16:34:18.799Z'
}
{
  message: 'Example app listening on port 5000',
  level: 'info',
  service: 'user-service',
  label: 'campusCura',
  timestamp: '2023-06-10T16:34:18.848Z'
}
{
  message: 'Database Connected Successfully',
  level: 'info',
  service: 'user-service',
  label: 'campusCura',
  timestamp: '2023-06-10T16:34:38.054Z'
}
{
  message: 'Example app listening on port 5000',
  level: 'info',
  service: 'user-service',
  label: 'campusCura',
  timestamp: '2023-06-10T16:34:38.086Z'
}
{
  message: 'Database Connected Successfully',
  level: 'info',
  service: 'user-service',
  label: 'campusCura',
  timestamp: '2023-06-10T16:35:15.004Z'
}
{
  message: 'Example app listening on port 5000',
  level: 'info',
  service: 'user-service',
  label: 'campusCura',
  timestamp: '2023-06-10T16:35:15.024Z'
}
{
  message: 'Database Connected Successfully',
  level: 'info',
  service: 'user-service',
  label: 'campusCura',
  timestamp: '2023-06-10T16:35:24.216Z'
}
{
  message: 'Example app listening on port 5000',
  level: 'info',
  service: 'user-service',
  label: 'campusCura',
  timestamp: '2023-06-10T16:35:24.249Z'
}
{
  message: 'Database Connected Successfully',
  level: 'info',
  service: 'user-service',
  label: 'campusCura',
  timestamp: '2023-06-10T16:35:29.775Z'
}
{
  message: 'Example app listening on port 5000',
  level: 'info',
  service: 'user-service',
  label: 'campusCura',
  timestamp: '2023-06-10T16:35:29.796Z'
}
{
  message: 'Database Connected Successfully',
  level: 'info',
  service: 'user-service',
  label: 'campusCura',
  timestamp: '2023-06-10T16:35:43.772Z'
}
{
  message: 'Example app listening on port 5000',
  level: 'info',
  service: 'user-service',
  label: 'campusCura',
  timestamp: '2023-06-10T16:35:43.785Z'
}
{
  message: 'Database Connected Successfully',
  level: 'info',
  service: 'user-service',
  label: 'campusCura',
  timestamp: '2023-06-10T16:35:49.882Z'
}
{
  message: 'Example app listening on port 5000',
  level: 'info',
  service: 'user-service',
  label: 'campusCura',
  timestamp: '2023-06-10T16:35:49.909Z'
}
{
  message: 'Database Connected Successfully',
  level: 'info',
  service: 'user-service',
  label: 'campusCura',
  timestamp: '2023-06-10T16:36:23.599Z'
}
{
  message: 'Example app listening on port 5000',
  level: 'info',
  service: 'user-service',
  label: 'campusCura',
  timestamp: '2023-06-10T16:36:23.629Z'
}
{
  message: 'Database Connected Successfully',
  level: 'info',
  service: 'user-service',
  label: 'campusCura',
  timestamp: '2023-06-10T16:36:29.893Z'
}
{
  message: 'Example app listening on port 5000',
  level: 'info',
  service: 'user-service',
  label: 'campusCura',
  timestamp: '2023-06-10T16:36:29.911Z'
}
{
  message: 'Database Connected Successfully',
  level: 'info',
  service: 'user-service',
  label: 'campusCura',
  timestamp: '2023-06-10T16:36:36.664Z'
}
{
  message: 'Example app listening on port 5000',
  level: 'info',
  service: 'user-service',
  label: 'campusCura',
  timestamp: '2023-06-10T16:36:36.689Z'
}
{
  message: 'Database Connected Successfully',
  level: 'info',
  service: 'user-service',
  label: 'campusCura',
  timestamp: '2023-06-10T16:39:37.524Z'
}
{
  message: 'Example app listening on port 5000',
  level: 'info',
  service: 'user-service',
  label: 'campusCura',
  timestamp: '2023-06-10T16:39:37.542Z'
}
{
  message: 'Database Connected Successfully',
  level: 'info',
  service: 'user-service',
  label: 'campusCura',
  timestamp: '2023-06-10T16:41:32.137Z'
}
{
  message: 'Example app listening on port 5000',
  level: 'info',
  service: 'user-service',
  label: 'campusCura',
  timestamp: '2023-06-10T16:41:32.163Z'
}
{
  message: 'Database Connected Successfully',
  level: 'info',
  service: 'user-service',
  label: 'campusCura',
  timestamp: '2023-06-10T16:42:10.475Z'
}
{
  message: 'Example app listening on port 5000',
  level: 'info',
  service: 'user-service',
  label: 'campusCura',
  timestamp: '2023-06-10T16:42:10.513Z'
}
{
  message: 'Database Connected Successfully',
  level: 'info',
  service: 'user-service',
  label: 'campusCura',
  timestamp: '2023-06-10T16:42:17.387Z'
}
{
  message: 'Example app listening on port 5000',
  level: 'info',
  service: 'user-service',
  label: 'campusCura',
  timestamp: '2023-06-10T16:42:17.410Z'
}
{
  message: 'Database Connected Successfully',
  level: 'info',
  service: 'user-service',
  label: 'campusCura',
  timestamp: '2023-06-10T16:42:23.486Z'
}
{
  message: 'Example app listening on port 5000',
  level: 'info',
  service: 'user-service',
  label: 'campusCura',
  timestamp: '2023-06-10T16:42:23.505Z'
}
{
  message: 'Database Connected Successfully',
  level: 'info',
  service: 'user-service',
  label: 'campusCura',
  timestamp: '2023-06-10T16:43:21.533Z'
}
{
  message: 'Example app listening on port 5000',
  level: 'info',
  service: 'user-service',
  label: 'campusCura',
  timestamp: '2023-06-10T16:43:21.553Z'
}
{
  message: 'Database Connected Successfully',
  level: 'info',
  service: 'user-service',
  label: 'campusCura',
  timestamp: '2023-06-10T16:43:37.376Z'
}
{
  message: 'Example app listening on port 5000',
  level: 'info',
  service: 'user-service',
  label: 'campusCura',
  timestamp: '2023-06-10T16:43:37.390Z'
}
{
  message: 'Database Connected Successfully',
  level: 'info',
  service: 'user-service',
  label: 'campusCura',
  timestamp: '2023-06-10T16:43:42.875Z'
}
{
  message: 'Example app listening on port 5000',
  level: 'info',
  service: 'user-service',
  label: 'campusCura',
  timestamp: '2023-06-10T16:43:42.889Z'
}
{
  message: 'Database Connected Successfully',
  level: 'info',
  service: 'user-service',
  label: 'campusCura',
  timestamp: '2023-06-10T16:43:50.130Z'
}
{
  message: 'Example app listening on port 5000',
  level: 'info',
  service: 'user-service',
  label: 'campusCura',
  timestamp: '2023-06-10T16:43:50.145Z'
}
{
  message: 'Database Connected Successfully',
  level: 'info',
  service: 'user-service',
  label: 'campusCura',
  timestamp: '2023-06-10T16:43:59.016Z'
}
{
  message: 'Example app listening on port 5000',
  level: 'info',
  service: 'user-service',
  label: 'campusCura',
  timestamp: '2023-06-10T16:43:59.032Z'
}
{
  message: 'Database Connected Successfully',
  level: 'info',
  service: 'user-service',
  label: 'campusCura',
  timestamp: '2023-06-10T16:46:15.523Z'
}
{
  message: 'Example app listening on port 5000',
  level: 'info',
  service: 'user-service',
  label: 'campusCura',
  timestamp: '2023-06-10T16:46:15.536Z'
}
