{
  message: 'Database Connected Successfully',
  level: 'info',
  service: 'user-service',
  label: 'campusCura',
  timestamp: '2023-06-10T17:13:47.668Z'
}
{
  message: 'Example app listening on port 5000',
  level: 'info',
  service: 'user-service',
  label: 'campusCura',
  timestamp: '2023-06-10T17:13:47.697Z'
}
{
  message: 'Database Connected Successfully',
  level: 'info',
  service: 'user-service',
  label: 'campusCura',
  timestamp: '2023-06-10T17:14:22.027Z'
}
{
  message: 'Example app listening on port 5000',
  level: 'info',
  service: 'user-service',
  label: 'campusCura',
  timestamp: '2023-06-10T17:14:22.047Z'
}
{
  message: 'Database Connected Successfully',
  level: 'info',
  service: 'user-service',
  label: 'campusCura',
  timestamp: '2023-06-10T17:15:14.557Z'
}
{
  message: 'Example app listening on port 5000',
  level: 'info',
  service: 'user-service',
  label: 'campusCura',
  timestamp: '2023-06-10T17:15:14.584Z'
}
{
  message: 'Database Connected Successfully',
  level: 'info',
  service: 'user-service',
  label: 'campusCura',
  timestamp: '2023-06-10T17:18:08.568Z'
}
{
  message: 'Example app listening on port 5000',
  level: 'info',
  service: 'user-service',
  label: 'campusCura',
  timestamp: '2023-06-10T17:18:08.587Z'
}
